<?xml version="1.0" encoding="UTF-8"?>
<!-- Generated by org.testng.reporters.JUnitReportReporter -->
<testsuite skipped="0" hostname="IT-100" name="com.ed.test.productFlow.MenuDisplay" tests="1" failures="0" timestamp="26 Oct 2020 12:59:18 GMT" time="1.061" errors="0">
  <testcase name="DressMenu" time="1.061" classname="com.ed.test.productFlow.MenuDisplay"/>
</testsuite> <!-- com.ed.test.productFlow.MenuDisplay -->
