<?xml version="1.0" encoding="UTF-8"?>
<!-- Generated by org.testng.reporters.JUnitReportReporter -->
<testsuite skipped="0" hostname="IT-100" name="com.ed.test.productFlow.ProductWorkFlow" tests="9" failures="0" timestamp="26 Oct 2020 12:50:29 GMT" time="77.924" errors="0">
  <testcase name="login" time="8.755" classname="com.ed.test.productFlow.ProductWorkFlow"/>
  <testcase name="selectProduct" time="5.642" classname="com.ed.test.productFlow.ProductWorkFlow"/>
  <testcase name="verifyProductCriteria" time="3.847" classname="com.ed.test.productFlow.ProductWorkFlow"/>
  <testcase name="addtoCart" time="0.211" classname="com.ed.test.productFlow.ProductWorkFlow"/>
  <testcase name="checkOut" time="10.220" classname="com.ed.test.productFlow.ProductWorkFlow"/>
  <testcase name="shoppingCartSummary" time="2.456" classname="com.ed.test.productFlow.ProductWorkFlow"/>
  <testcase name="checkBillingAddress" time="1.720" classname="com.ed.test.productFlow.ProductWorkFlow"/>
  <testcase name="termOfService" time="20.068" classname="com.ed.test.productFlow.ProductWorkFlow"/>
  <testcase name="payAndConfirm" time="25.005" classname="com.ed.test.productFlow.ProductWorkFlow"/>
</testsuite> <!-- com.ed.test.productFlow.ProductWorkFlow -->
