<?xml version="1.0" encoding="UTF-8"?>
<!-- Generated by org.testng.reporters.JUnitReportReporter -->
<testsuite skipped="0" hostname="IT-100" name="com.ed.test.Login" tests="2" failures="0" timestamp="24 Oct 2020 21:55:34 GMT" time="43.085" errors="0">
  <testcase name="loginWithValidCred" time="28.258" classname="com.ed.test.Login"/>
  <testcase name="loginWithInValidCred" time="14.827" classname="com.ed.test.Login"/>
</testsuite> <!-- com.ed.test.Login -->
