<?xml version="1.0" encoding="UTF-8"?>
<!-- Generated by org.testng.reporters.JUnitReportReporter -->
<testsuite skipped="0" hostname="IT-100" name="com.ed.test.LoginFlow.Login" tests="2" failures="0" timestamp="26 Oct 2020 12:50:29 GMT" time="63.413" errors="0">
  <testcase name="loginWithInValidCred" time="24.465" classname="com.ed.test.LoginFlow.Login"/>
  <testcase name="loginWithValidCred" time="38.948" classname="com.ed.test.LoginFlow.Login"/>
</testsuite> <!-- com.ed.test.LoginFlow.Login -->
